<?xml version="1.0" encoding="UTF-8"?>
<testng-results skipped="0" failed="1" ignored="0" total="1" passed="0">
  <reporter-output>
  </reporter-output>
  <suite name="Default suite" duration-ms="18478" started-at="2020-01-18T07:46:22Z" finished-at="2020-01-18T07:46:41Z">
    <groups>
    </groups>
    <test name="Default test" duration-ms="18478" started-at="2020-01-18T07:46:22Z" finished-at="2020-01-18T07:46:41Z">
      <class name="com.nop.uat.reg.testcases.TC001_LoginTest">
        <test-method status="PASS" signature="setUp()[pri:0, instance:com.nop.uat.reg.testcases.TC001_LoginTest@66a3ffec]" name="setUp" is-config="true" duration-ms="11071" started-at="2020-01-18T13:16:22Z" finished-at="2020-01-18T13:16:33Z">
          <reporter-output>
          </reporter-output>
        </test-method> <!-- setUp -->
        <test-method status="FAIL" signature="loginTest()[pri:0, instance:com.nop.uat.reg.testcases.TC001_LoginTest@66a3ffec]" name="loginTest" duration-ms="7091" started-at="2020-01-18T13:16:33Z" finished-at="2020-01-18T13:16:40Z">
          <exception class="java.lang.RuntimeException">
            <message>
              <![CDATA[Failed: To click the element in the given timenull]]>
            </message>
            <full-stacktrace>
              <![CDATA[java.lang.RuntimeException: Failed: To click the element in the given timenull
	at com.nop.uat.reg.utilies.Actionclass.click(Actionclass.java:23)
	at com.nop.uat.reg.testcases.TC001_LoginTest.loginTest(TC001_LoginTest.java:60)
	at sun.reflect.NativeMethodAccessorImpl.invoke0(Native Method)
	at sun.reflect.NativeMethodAccessorImpl.invoke(NativeMethodAccessorImpl.java:62)
	at sun.reflect.DelegatingMethodAccessorImpl.invoke(DelegatingMethodAccessorImpl.java:43)
	at java.lang.reflect.Method.invoke(Method.java:483)
	at org.testng.internal.MethodInvocationHelper.invokeMethod(MethodInvocationHelper.java:108)
	at org.testng.internal.Invoker.invokeMethod(Invoker.java:661)
	at org.testng.internal.Invoker.invokeTestMethod(Invoker.java:869)
	at org.testng.internal.Invoker.invokeTestMethods(Invoker.java:1193)
	at org.testng.internal.TestMethodWorker.invokeTestMethods(TestMethodWorker.java:126)
	at org.testng.internal.TestMethodWorker.run(TestMethodWorker.java:109)
	at org.testng.TestRunner.privateRun(TestRunner.java:744)
	at org.testng.TestRunner.run(TestRunner.java:602)
	at org.testng.SuiteRunner.runTest(SuiteRunner.java:380)
	at org.testng.SuiteRunner.runSequentially(SuiteRunner.java:375)
	at org.testng.SuiteRunner.privateRun(SuiteRunner.java:340)
	at org.testng.SuiteRunner.run(SuiteRunner.java:289)
	at org.testng.SuiteRunnerWorker.runSuite(SuiteRunnerWorker.java:52)
	at org.testng.SuiteRunnerWorker.run(SuiteRunnerWorker.java:86)
	at org.testng.TestNG.runSuitesSequentially(TestNG.java:1301)
	at org.testng.TestNG.runSuitesLocally(TestNG.java:1226)
	at org.testng.TestNG.runSuites(TestNG.java:1144)
	at org.testng.TestNG.run(TestNG.java:1115)
	at org.testng.remote.AbstractRemoteTestNG.run(AbstractRemoteTestNG.java:114)
	at org.testng.remote.RemoteTestNG.initAndRun(RemoteTestNG.java:251)
	at org.testng.remote.RemoteTestNG.main(RemoteTestNG.java:77)
]]>
            </full-stacktrace>
          </exception> <!-- java.lang.RuntimeException -->
          <reporter-output>
          </reporter-output>
        </test-method> <!-- loginTest -->
        <test-method status="PASS" signature="teardown()[pri:0, instance:com.nop.uat.reg.testcases.TC001_LoginTest@66a3ffec]" name="teardown" is-config="true" duration-ms="272" started-at="2020-01-18T13:16:40Z" finished-at="2020-01-18T13:16:41Z">
          <reporter-output>
          </reporter-output>
        </test-method> <!-- teardown -->
      </class> <!-- com.nop.uat.reg.testcases.TC001_LoginTest -->
    </test> <!-- Default test -->
  </suite> <!-- Default suite -->
</testng-results>
